<?xml version="1.0" encoding="UTF-8"?>
<!-- Generated by org.testng.reporters.JUnitXMLReporter -->
<testsuite hostname="MSI" ignored="0" name="Default test" tests="4" failures="0" timestamp="2021-09-04T20:23:05 EDT" time="23.528" errors="0">
  <testcase name="test2" time="14.684" classname="com.debdatta.ExtendReportTestNG"/>
  <testcase name="test1" time="5.1" classname="com.debdatta.ExtendReportTestNG"/>
  <testcase name="salesforceLogin" time="1.859" classname="com.debdatta.TestNGMavenTest"/>
  <testcase name="salesforceLogin" time="1.729" classname="com.debdatta.TestNGMavenTest"/>
</testsuite> <!-- Default test -->
